<?xml version="1.0" encoding="UTF-8"?>
<!-- Generated by org.testng.reporters.JUnitXMLReporter -->
<testsuite ignored="0" hostname="NEU-LDSNR04" failures="4" tests="5" name="Test" time="113.378" errors="0" timestamp="2022-06-23T21:25:32 IST">
  <testcase classname="com.auros.basic.VerifyLoggedInUserInHomePageTest" name="verifyLoggedInUserInHomePage" time="17.44">
    <failure type="org.openqa.selenium.ElementClickInterceptedException" message="element click intercepted: Element &amp;lt;iframe frameborder=&amp;quot;0&amp;quot; style=&amp;quot;width: 100%; height: 100%; position: relative;&amp;quot; src=&amp;quot;/jsp/copsTree.jsp?from=homePage&amp;amp;amp;dhxr1655999656566=1&amp;quot; cd_frame_id_=&amp;quot;9f1f3f39c095d028d3b37edb77163769&amp;quot;&amp;gt;&amp;lt;/iframe&amp;gt; is not clickable at point (1422, 316). Other element would receive the click: &amp;lt;div class=&amp;quot;modal__overlay&amp;quot;&amp;gt;&amp;lt;/div&amp;gt;
  (Session info: chrome=102.0.5005.115)
Build info: version: &amp;apos;3.141.59&amp;apos;, revision: &amp;apos;e82be7d358&amp;apos;, time: &amp;apos;2018-11-14T08:17:03&amp;apos;
System info: host: &amp;apos;NEU-LDSNR04&amp;apos;, ip: &amp;apos;192.168.1.5&amp;apos;, os.name: &amp;apos;Windows 10&amp;apos;, os.arch: &amp;apos;amd64&amp;apos;, os.version: &amp;apos;10.0&amp;apos;, java.version: &amp;apos;17.0.1&amp;apos;
Driver info: org.openqa.selenium.chrome.ChromeDriver
Capabilities {acceptInsecureCerts: false, browserName: chrome, browserVersion: 102.0.5005.115, chrome: {chromedriverVersion: 102.0.5005.61 (0e59bcc00cc4..., userDataDir: C:\Users\user\AppData\Local...}, goog:chromeOptions: {debuggerAddress: localhost:54053}, javascriptEnabled: true, networkConnectionEnabled: false, pageLoadStrategy: normal, platform: WINDOWS, platformName: WINDOWS, proxy: Proxy(), setWindowRect: true, strictFileInteractability: false, timeouts: {implicit: 0, pageLoad: 300000, script: 30000}, unhandledPromptBehavior: dismiss and notify, webauthn:extension:credBlob: true, webauthn:extension:largeBlob: true, webauthn:virtualAuthenticators: true}
Session ID: 668ed70678a36e53ab2a8ae13817c699">
      <![CDATA[org.openqa.selenium.ElementClickInterceptedException: element click intercepted: Element <iframe frameborder="0" style="width: 100%; height: 100%; position: relative;" src="/jsp/copsTree.jsp?from=homePage&amp;dhxr1655999656566=1" cd_frame_id_="9f1f3f39c095d028d3b37edb77163769"></iframe> is not clickable at point (1422, 316). Other element would receive the click: <div class="modal__overlay"></div>
  (Session info: chrome=102.0.5005.115)
Build info: version: '3.141.59', revision: 'e82be7d358', time: '2018-11-14T08:17:03'
System info: host: 'NEU-LDSNR04', ip: '192.168.1.5', os.name: 'Windows 10', os.arch: 'amd64', os.version: '10.0', java.version: '17.0.1'
Driver info: org.openqa.selenium.chrome.ChromeDriver
Capabilities {acceptInsecureCerts: false, browserName: chrome, browserVersion: 102.0.5005.115, chrome: {chromedriverVersion: 102.0.5005.61 (0e59bcc00cc4..., userDataDir: C:\Users\user\AppData\Local...}, goog:chromeOptions: {debuggerAddress: localhost:54053}, javascriptEnabled: true, networkConnectionEnabled: false, pageLoadStrategy: normal, platform: WINDOWS, platformName: WINDOWS, proxy: Proxy(), setWindowRect: true, strictFileInteractability: false, timeouts: {implicit: 0, pageLoad: 300000, script: 30000}, unhandledPromptBehavior: dismiss and notify, webauthn:extension:credBlob: true, webauthn:extension:largeBlob: true, webauthn:virtualAuthenticators: true}
Session ID: 668ed70678a36e53ab2a8ae13817c699
at org.openqa.selenium.remote.http.W3CHttpResponseCodec.createException(W3CHttpResponseCodec.java:187)
at org.openqa.selenium.remote.http.W3CHttpResponseCodec.decode(W3CHttpResponseCodec.java:122)
at org.openqa.selenium.remote.http.W3CHttpResponseCodec.decode(W3CHttpResponseCodec.java:49)
at org.openqa.selenium.remote.HttpCommandExecutor.execute(HttpCommandExecutor.java:158)
at org.openqa.selenium.remote.service.DriverCommandExecutor.execute(DriverCommandExecutor.java:83)
at org.openqa.selenium.remote.RemoteWebDriver.execute(RemoteWebDriver.java:552)
at org.openqa.selenium.remote.RemoteWebElement.execute(RemoteWebElement.java:285)
at org.openqa.selenium.remote.RemoteWebElement.click(RemoteWebElement.java:84)
at com.auros.basic.UtilFunctions.copSelection(UtilFunctions.java:29)
at com.auros.basic.VerifyLoggedInUserInHomePageTest.verifyLoggedInUserInHomePage(VerifyLoggedInUserInHomePageTest.java:28)
at java.base/java.util.ArrayList.forEach(ArrayList.java:1511)
... Removed 32 stack frames]]>
    </failure>
  </testcase> <!-- verifyLoggedInUserInHomePage -->
  <testcase classname="com.auros.basic.VerifySearchByKPACIDTest" name="VerifySearchByKPACID" time="14.909">
    <failure type="java.lang.AssertionError" message="The searched K-PAC is not exist. Throwing a warning growl message expected [true] but found [false]">
      <![CDATA[java.lang.AssertionError: The searched K-PAC is not exist. Throwing a warning growl message expected [true] but found [false]
at com.auros.basic.VerifySearchByKPACIDTest.VerifySearchByKPACID(VerifySearchByKPACIDTest.java:45)
at java.base/java.util.ArrayList.forEach(ArrayList.java:1511)
... Removed 30 stack frames]]>
    </failure>
  </testcase> <!-- VerifySearchByKPACID -->
  <testcase classname="com.auros.basic.VerifySearchByACIDTest" name="VerifySearchByACID" time="20.286">
    <failure type="java.lang.AssertionError" message="The searched AC is not exist. Throwing a message expected [true] but found [false]">
      <![CDATA[java.lang.AssertionError: The searched AC is not exist. Throwing a message expected [true] but found [false]
at com.auros.basic.VerifySearchByACIDTest.VerifySearchByACID(VerifySearchByACIDTest.java:50)
at java.base/java.util.ArrayList.forEach(ArrayList.java:1511)
... Removed 30 stack frames]]>
    </failure>
  </testcase> <!-- VerifySearchByACID -->
  <testcase classname="com.auros.basic.VerifyCoPInHomePageTest" name="VerifyCoPInHomePage" time="11.501"/>
  <testcase classname="com.auros.basic.VerifySearchByIssueIDTest" name="VerifySearchByIssueID" time="18.799">
    <failure type="java.lang.AssertionError" message="The searched Issue is not exist. Throwing a message expected [true] but found [false]">
      <![CDATA[java.lang.AssertionError: The searched Issue is not exist. Throwing a message expected [true] but found [false]
at com.auros.basic.VerifySearchByIssueIDTest.VerifySearchByIssueID(VerifySearchByIssueIDTest.java:49)
at java.base/java.util.ArrayList.forEach(ArrayList.java:1511)
... Removed 30 stack frames]]>
    </failure>
  </testcase> <!-- VerifySearchByIssueID -->
</testsuite> <!-- Test -->
