<?xml version="1.0" encoding="UTF-8"?>
<!-- Generated by org.testng.reporters.JUnitXMLReporter -->
<testsuite ignored="0" hostname="NEU-LDSNR04" failures="1" tests="1" name="Test2" time="21.183" errors="0" timestamp="2022-06-23T22:04:56 IST">
  <testcase classname="com.auros.basic.VerifySearchByKPACIDTest" name="VerifySearchByKPACID" time="15.165">
    <failure type="java.lang.AssertionError" message="The searched K-PAC is not exist. Throwing a warning growl message expected [true] but found [false]">
      <![CDATA[java.lang.AssertionError: The searched K-PAC is not exist. Throwing a warning growl message expected [true] but found [false]
at com.auros.basic.VerifySearchByKPACIDTest.VerifySearchByKPACID(VerifySearchByKPACIDTest.java:46)
at java.base/java.util.ArrayList.forEach(ArrayList.java:1511)
at java.base/java.util.concurrent.FutureTask.run(FutureTask.java:264)
at java.base/java.util.concurrent.ThreadPoolExecutor.runWorker(ThreadPoolExecutor.java:1136)
at java.base/java.util.concurrent.ThreadPoolExecutor$Worker.run(ThreadPoolExecutor.java:635)
at java.base/java.lang.Thread.run(Thread.java:833)
... Removed 21 stack frames]]>
    </failure>
  </testcase> <!-- VerifySearchByKPACID -->
</testsuite> <!-- Test2 -->
