<?xml version="1.0" encoding="UTF-8"?>
<testng-results ignored="0" total="5" passed="2" failed="3" skipped="0">
  <reporter-output>
  </reporter-output>
  <suite started-at="2022-06-23T22:04:34 IST" name="Suite" finished-at="2022-06-23T22:05:39 IST" duration-ms="64914">
    <groups>
    </groups>
    <test started-at="2022-06-23T22:04:34 IST" name="Test1" finished-at="2022-06-23T22:04:53 IST" duration-ms="18449">
      <class name="com.auros.basic.VerifyLoggedInUserInHomePageTest">
        <test-method is-config="true" signature="preConditions()[pri:0, instance:com.auros.basic.VerifyLoggedInUserInHomePageTest@4c2cc639]" started-at="2022-06-23T22:04:35 IST" name="preConditions" finished-at="2022-06-23T22:04:40 IST" duration-ms="5746" status="PASS">
          <reporter-output>
          </reporter-output>
        </test-method> <!-- preConditions -->
        <test-method signature="verifyLoggedInUserInHomePage()[pri:0, instance:com.auros.basic.VerifyLoggedInUserInHomePageTest@4c2cc639]" started-at="2022-06-23T22:04:40 IST" name="verifyLoggedInUserInHomePage" finished-at="2022-06-23T22:04:53 IST" duration-ms="12447" status="PASS">
          <reporter-output>
          </reporter-output>
        </test-method> <!-- verifyLoggedInUserInHomePage -->
        <test-method is-config="true" signature="closeBrowser()[pri:0, instance:com.auros.basic.VerifyLoggedInUserInHomePageTest@4c2cc639]" started-at="2022-06-23T22:04:53 IST" name="closeBrowser" finished-at="2022-06-23T22:04:53 IST" duration-ms="0" status="PASS">
          <reporter-output>
          </reporter-output>
        </test-method> <!-- closeBrowser -->
      </class> <!-- com.auros.basic.VerifyLoggedInUserInHomePageTest -->
    </test> <!-- Test1 -->
    <test started-at="2022-06-23T22:04:34 IST" name="Test2" finished-at="2022-06-23T22:04:56 IST" duration-ms="21183">
      <class name="com.auros.basic.VerifySearchByKPACIDTest">
        <test-method is-config="true" signature="preConditions()[pri:0, instance:com.auros.basic.VerifySearchByKPACIDTest@37ddb69a]" started-at="2022-06-23T22:04:35 IST" name="preConditions" finished-at="2022-06-23T22:04:40 IST" duration-ms="5783" status="PASS">
          <reporter-output>
          </reporter-output>
        </test-method> <!-- preConditions -->
        <test-method signature="VerifySearchByKPACID()[pri:0, instance:com.auros.basic.VerifySearchByKPACIDTest@37ddb69a]" started-at="2022-06-23T22:04:40 IST" name="VerifySearchByKPACID" finished-at="2022-06-23T22:04:56 IST" duration-ms="15165" status="FAIL">
          <exception class="java.lang.AssertionError">
            <message>
              <![CDATA[The searched K-PAC is not exist. Throwing a warning growl message expected [true] but found [false]]]>
            </message>
            <full-stacktrace>
              <![CDATA[java.lang.AssertionError: The searched K-PAC is not exist. Throwing a warning growl message expected [true] but found [false]
at org.testng.Assert.fail(Assert.java:99)
at org.testng.Assert.failNotEquals(Assert.java:1037)
at org.testng.Assert.assertTrue(Assert.java:45)
at com.auros.basic.VerifySearchByKPACIDTest.VerifySearchByKPACID(VerifySearchByKPACIDTest.java:46)
at java.base/jdk.internal.reflect.NativeMethodAccessorImpl.invoke0(Native Method)
at java.base/jdk.internal.reflect.NativeMethodAccessorImpl.invoke(NativeMethodAccessorImpl.java:77)
at java.base/jdk.internal.reflect.DelegatingMethodAccessorImpl.invoke(DelegatingMethodAccessorImpl.java:43)
at java.base/java.lang.reflect.Method.invoke(Method.java:568)
at org.testng.internal.MethodInvocationHelper.invokeMethod(MethodInvocationHelper.java:132)
at org.testng.internal.TestInvoker.invokeMethod(TestInvoker.java:599)
at org.testng.internal.TestInvoker.invokeTestMethod(TestInvoker.java:174)
at org.testng.internal.MethodRunner.runInSequence(MethodRunner.java:46)
at org.testng.internal.TestInvoker$MethodInvocationAgent.invoke(TestInvoker.java:822)
at org.testng.internal.TestInvoker.invokeTestMethods(TestInvoker.java:147)
at org.testng.internal.TestMethodWorker.invokeTestMethods(TestMethodWorker.java:146)
at org.testng.internal.TestMethodWorker.run(TestMethodWorker.java:128)
at java.base/java.util.ArrayList.forEach(ArrayList.java:1511)
at org.testng.TestRunner.privateRun(TestRunner.java:764)
at org.testng.TestRunner.run(TestRunner.java:585)
at org.testng.SuiteRunner.runTest(SuiteRunner.java:384)
at org.testng.SuiteRunner.access$000(SuiteRunner.java:28)
at org.testng.SuiteRunner$SuiteWorker.run(SuiteRunner.java:425)
at org.testng.internal.thread.ThreadUtil.lambda$execute$0(ThreadUtil.java:66)
at java.base/java.util.concurrent.FutureTask.run(FutureTask.java:264)
at java.base/java.util.concurrent.ThreadPoolExecutor.runWorker(ThreadPoolExecutor.java:1136)
at java.base/java.util.concurrent.ThreadPoolExecutor$Worker.run(ThreadPoolExecutor.java:635)
at java.base/java.lang.Thread.run(Thread.java:833)
]]>
            </full-stacktrace>
          </exception> <!-- java.lang.AssertionError -->
          <reporter-output>
          </reporter-output>
        </test-method> <!-- VerifySearchByKPACID -->
        <test-method is-config="true" signature="closeBrowser()[pri:0, instance:com.auros.basic.VerifySearchByKPACIDTest@37ddb69a]" started-at="2022-06-23T22:04:56 IST" name="closeBrowser" finished-at="2022-06-23T22:04:56 IST" duration-ms="0" status="PASS">
          <reporter-output>
          </reporter-output>
        </test-method> <!-- closeBrowser -->
      </class> <!-- com.auros.basic.VerifySearchByKPACIDTest -->
    </test> <!-- Test2 -->
    <test started-at="2022-06-23T22:04:56 IST" name="Test4" finished-at="2022-06-23T22:05:15 IST" duration-ms="19655">
      <class name="com.auros.basic.VerifyCoPInHomePageTest">
        <test-method is-config="true" signature="preConditions()[pri:0, instance:com.auros.basic.VerifyCoPInHomePageTest@68fa0ba8]" started-at="2022-06-23T22:04:56 IST" name="preConditions" finished-at="2022-06-23T22:05:00 IST" duration-ms="4115" status="PASS">
          <reporter-output>
          </reporter-output>
        </test-method> <!-- preConditions -->
        <test-method signature="VerifyCoPInHomePage()[pri:0, instance:com.auros.basic.VerifyCoPInHomePageTest@68fa0ba8]" started-at="2022-06-23T22:05:00 IST" name="VerifyCoPInHomePage" finished-at="2022-06-23T22:05:15 IST" duration-ms="15539" status="PASS">
          <reporter-output>
          </reporter-output>
        </test-method> <!-- VerifyCoPInHomePage -->
        <test-method is-config="true" signature="closeBrowser()[pri:0, instance:com.auros.basic.VerifyCoPInHomePageTest@68fa0ba8]" started-at="2022-06-23T22:05:15 IST" name="closeBrowser" finished-at="2022-06-23T22:05:15 IST" duration-ms="0" status="PASS">
          <reporter-output>
          </reporter-output>
        </test-method> <!-- closeBrowser -->
      </class> <!-- com.auros.basic.VerifyCoPInHomePageTest -->
    </test> <!-- Test4 -->
    <test started-at="2022-06-23T22:04:53 IST" name="Test3" finished-at="2022-06-23T22:05:18 IST" duration-ms="24379">
      <class name="com.auros.basic.VerifySearchByACIDTest">
        <test-method is-config="true" signature="preConditions()[pri:0, instance:com.auros.basic.VerifySearchByACIDTest@5f7b97da]" started-at="2022-06-23T22:04:53 IST" name="preConditions" finished-at="2022-06-23T22:04:58 IST" duration-ms="4630" status="PASS">
          <reporter-output>
          </reporter-output>
        </test-method> <!-- preConditions -->
        <test-method signature="VerifySearchByACID()[pri:0, instance:com.auros.basic.VerifySearchByACIDTest@5f7b97da]" started-at="2022-06-23T22:04:58 IST" name="VerifySearchByACID" finished-at="2022-06-23T22:05:18 IST" duration-ms="19744" status="FAIL">
          <exception class="java.lang.AssertionError">
            <message>
              <![CDATA[The searched AC is not exist. Throwing a message expected [true] but found [false]]]>
            </message>
            <full-stacktrace>
              <![CDATA[java.lang.AssertionError: The searched AC is not exist. Throwing a message expected [true] but found [false]
at org.testng.Assert.fail(Assert.java:99)
at org.testng.Assert.failNotEquals(Assert.java:1037)
at org.testng.Assert.assertTrue(Assert.java:45)
at com.auros.basic.VerifySearchByACIDTest.VerifySearchByACID(VerifySearchByACIDTest.java:51)
at java.base/jdk.internal.reflect.NativeMethodAccessorImpl.invoke0(Native Method)
at java.base/jdk.internal.reflect.NativeMethodAccessorImpl.invoke(NativeMethodAccessorImpl.java:77)
at java.base/jdk.internal.reflect.DelegatingMethodAccessorImpl.invoke(DelegatingMethodAccessorImpl.java:43)
at java.base/java.lang.reflect.Method.invoke(Method.java:568)
at org.testng.internal.MethodInvocationHelper.invokeMethod(MethodInvocationHelper.java:132)
at org.testng.internal.TestInvoker.invokeMethod(TestInvoker.java:599)
at org.testng.internal.TestInvoker.invokeTestMethod(TestInvoker.java:174)
at org.testng.internal.MethodRunner.runInSequence(MethodRunner.java:46)
at org.testng.internal.TestInvoker$MethodInvocationAgent.invoke(TestInvoker.java:822)
at org.testng.internal.TestInvoker.invokeTestMethods(TestInvoker.java:147)
at org.testng.internal.TestMethodWorker.invokeTestMethods(TestMethodWorker.java:146)
at org.testng.internal.TestMethodWorker.run(TestMethodWorker.java:128)
at java.base/java.util.ArrayList.forEach(ArrayList.java:1511)
at org.testng.TestRunner.privateRun(TestRunner.java:764)
at org.testng.TestRunner.run(TestRunner.java:585)
at org.testng.SuiteRunner.runTest(SuiteRunner.java:384)
at org.testng.SuiteRunner.access$000(SuiteRunner.java:28)
at org.testng.SuiteRunner$SuiteWorker.run(SuiteRunner.java:425)
at org.testng.internal.thread.ThreadUtil.lambda$execute$0(ThreadUtil.java:66)
at java.base/java.util.concurrent.FutureTask.run(FutureTask.java:264)
at java.base/java.util.concurrent.ThreadPoolExecutor.runWorker(ThreadPoolExecutor.java:1136)
at java.base/java.util.concurrent.ThreadPoolExecutor$Worker.run(ThreadPoolExecutor.java:635)
at java.base/java.lang.Thread.run(Thread.java:833)
]]>
            </full-stacktrace>
          </exception> <!-- java.lang.AssertionError -->
          <reporter-output>
          </reporter-output>
        </test-method> <!-- VerifySearchByACID -->
        <test-method is-config="true" signature="closeBrowser()[pri:0, instance:com.auros.basic.VerifySearchByACIDTest@5f7b97da]" started-at="2022-06-23T22:05:18 IST" name="closeBrowser" finished-at="2022-06-23T22:05:18 IST" duration-ms="0" status="PASS">
          <reporter-output>
          </reporter-output>
        </test-method> <!-- closeBrowser -->
      </class> <!-- com.auros.basic.VerifySearchByACIDTest -->
    </test> <!-- Test3 -->
    <test started-at="2022-06-23T22:05:15 IST" name="Test5" finished-at="2022-06-23T22:05:39 IST" duration-ms="23972">
      <class name="com.auros.basic.VerifySearchByIssueIDTest">
        <test-method is-config="true" signature="preConditions()[pri:0, instance:com.auros.basic.VerifySearchByIssueIDTest@52de51b6]" started-at="2022-06-23T22:05:15 IST" name="preConditions" finished-at="2022-06-23T22:05:19 IST" duration-ms="3978" status="PASS">
          <reporter-output>
          </reporter-output>
        </test-method> <!-- preConditions -->
        <test-method signature="VerifySearchByIssueID()[pri:0, instance:com.auros.basic.VerifySearchByIssueIDTest@52de51b6]" started-at="2022-06-23T22:05:19 IST" name="VerifySearchByIssueID" finished-at="2022-06-23T22:05:39 IST" duration-ms="19991" status="FAIL">
          <exception class="java.lang.AssertionError">
            <message>
              <![CDATA[The searched Issue is not exist. Throwing a message expected [true] but found [false]]]>
            </message>
            <full-stacktrace>
              <![CDATA[java.lang.AssertionError: The searched Issue is not exist. Throwing a message expected [true] but found [false]
at org.testng.Assert.fail(Assert.java:99)
at org.testng.Assert.failNotEquals(Assert.java:1037)
at org.testng.Assert.assertTrue(Assert.java:45)
at com.auros.basic.VerifySearchByIssueIDTest.VerifySearchByIssueID(VerifySearchByIssueIDTest.java:50)
at java.base/jdk.internal.reflect.NativeMethodAccessorImpl.invoke0(Native Method)
at java.base/jdk.internal.reflect.NativeMethodAccessorImpl.invoke(NativeMethodAccessorImpl.java:77)
at java.base/jdk.internal.reflect.DelegatingMethodAccessorImpl.invoke(DelegatingMethodAccessorImpl.java:43)
at java.base/java.lang.reflect.Method.invoke(Method.java:568)
at org.testng.internal.MethodInvocationHelper.invokeMethod(MethodInvocationHelper.java:132)
at org.testng.internal.TestInvoker.invokeMethod(TestInvoker.java:599)
at org.testng.internal.TestInvoker.invokeTestMethod(TestInvoker.java:174)
at org.testng.internal.MethodRunner.runInSequence(MethodRunner.java:46)
at org.testng.internal.TestInvoker$MethodInvocationAgent.invoke(TestInvoker.java:822)
at org.testng.internal.TestInvoker.invokeTestMethods(TestInvoker.java:147)
at org.testng.internal.TestMethodWorker.invokeTestMethods(TestMethodWorker.java:146)
at org.testng.internal.TestMethodWorker.run(TestMethodWorker.java:128)
at java.base/java.util.ArrayList.forEach(ArrayList.java:1511)
at org.testng.TestRunner.privateRun(TestRunner.java:764)
at org.testng.TestRunner.run(TestRunner.java:585)
at org.testng.SuiteRunner.runTest(SuiteRunner.java:384)
at org.testng.SuiteRunner.access$000(SuiteRunner.java:28)
at org.testng.SuiteRunner$SuiteWorker.run(SuiteRunner.java:425)
at org.testng.internal.thread.ThreadUtil.lambda$execute$0(ThreadUtil.java:66)
at java.base/java.util.concurrent.FutureTask.run(FutureTask.java:264)
at java.base/java.util.concurrent.ThreadPoolExecutor.runWorker(ThreadPoolExecutor.java:1136)
at java.base/java.util.concurrent.ThreadPoolExecutor$Worker.run(ThreadPoolExecutor.java:635)
at java.base/java.lang.Thread.run(Thread.java:833)
]]>
            </full-stacktrace>
          </exception> <!-- java.lang.AssertionError -->
          <reporter-output>
          </reporter-output>
        </test-method> <!-- VerifySearchByIssueID -->
        <test-method is-config="true" signature="closeBrowser()[pri:0, instance:com.auros.basic.VerifySearchByIssueIDTest@52de51b6]" started-at="2022-06-23T22:05:39 IST" name="closeBrowser" finished-at="2022-06-23T22:05:39 IST" duration-ms="0" status="PASS">
          <reporter-output>
          </reporter-output>
        </test-method> <!-- closeBrowser -->
      </class> <!-- com.auros.basic.VerifySearchByIssueIDTest -->
    </test> <!-- Test5 -->
  </suite> <!-- Suite -->
</testng-results>
